Drill report for /home/stoth05/Dokumente/Github/NOKOlino/schematics/kicad/NOKOlino.kicad_pcb
Created on Di 04 Sep 2018 16:19:26 CEST

Copper Layer Stackup:
    =============================================================
    L1 :  F.Cu                      front
    L2 :  B.Cu                      back


Drill file 'NOKOlino.drl' contains
    plated through holes:
    =============================================================
    T1  0,40mm  0,016"  (1 hole)
    T2  0,76mm  0,030"  (2 holes)
    T3  0,80mm  0,031"  (10 holes)
    T4  1,00mm  0,039"  (34 holes)
    T5  1,10mm  0,043"  (16 holes)
    T6  3,20mm  0,126"  (2 holes)

    Total plated holes count 65


Drill file 'NOKOlino-NPTH.drl' contains
    unplated through holes:
    =============================================================

    Total unplated holes count 0
